{"contracts/AirDropper.sol":{"l":{"20":25,"25":1,"30":1,"34":1,"35":1,"36":1,"37":1,"38":1,"57":3,"58":3,"59":1,"69":28,"70":18,"72":10,"86":10,"88":10,"89":10,"90":10,"98":8,"103":6,"109":4,"116":4,"120":4,"121":8,"126":6,"129":6,"136":6,"142":2,"151":12,"153":12,"154":12,"155":12,"163":10,"168":8,"174":6,"181":6,"185":6,"186":14,"191":12,"194":12,"201":12,"207":4},"path":"/Users/shreyasagarwal/Desktop/Excess/AirDropper/contracts/AirDropper.sol","s":{"1":25,"2":1,"3":1,"4":1,"5":3,"6":3,"7":28,"8":18,"9":10,"10":10,"11":10,"12":10,"13":10,"14":8,"15":6,"16":4,"17":4,"18":4,"19":8,"20":6,"21":6,"22":2,"23":12,"24":12,"25":12,"26":12,"27":10,"28":8,"29":6,"30":6,"31":6,"32":14,"33":12,"34":12,"35":4},"b":{"1":[25,0],"2":[1,0],"3":[1,0],"4":[1,0],"5":[1,0],"6":[0,0],"7":[3,0],"8":[3,0],"9":[1,2],"10":[18,10],"11":[10,0],"12":[8,2],"13":[6,2],"14":[4,2],"15":[6,2],"16":[2,0],"17":[12,0],"18":[10,2],"19":[8,2],"20":[6,2],"21":[12,2],"22":[2,2]},"f":{"1":25,"2":1,"3":1,"4":1,"5":0,"6":3,"7":28,"8":10,"9":12},"fnMap":{"1":{"name":"isKilled","line":19,"loc":{"start":{"line":19,"column":2},"end":{"line":21,"column":4}}},"2":{"name":"kill","line":24,"loc":{"start":{"line":24,"column":4},"end":{"line":26,"column":4}}},"3":{"name":"revive","line":29,"loc":{"start":{"line":29,"column":4},"end":{"line":31,"column":4}}},"4":{"name":"initialize","line":33,"loc":{"start":{"line":33,"column":2},"end":{"line":40,"column":2}}},"5":{"name":"_authorizeUpgrade","line":45,"loc":{"start":{"line":42,"column":2},"end":{"line":46,"column":3}}},"6":{"name":"setBatchLimit","line":56,"loc":{"start":{"line":54,"column":2},"end":{"line":60,"column":2}}},"7":{"name":"_safeTransferERC20","line":62,"loc":{"start":{"line":62,"column":2},"end":{"line":78,"column":4}}},"8":{"name":"singleValueAirdrop","line":85,"loc":{"start":{"line":80,"column":2},"end":{"line":143,"column":2}}},"9":{"name":"multiValueAirdrop","line":150,"loc":{"start":{"line":145,"column":2},"end":{"line":208,"column":2}}}},"statementMap":{"1":{"start":{"line":20,"column":8},"end":{"line":20,"column":58}},"2":{"start":{"line":34,"column":6},"end":{"line":34,"column":52}},"3":{"start":{"line":35,"column":6},"end":{"line":35,"column":21}},"4":{"start":{"line":36,"column":6},"end":{"line":36,"column":29}},"5":{"start":{"line":57,"column":4},"end":{"line":57,"column":13}},"6":{"start":{"line":58,"column":4},"end":{"line":58,"column":49}},"7":{"start":{"line":69,"column":8},"end":{"line":69,"column":2078}},"8":{"start":{"line":70,"column":12},"end":{"line":70,"column":70}},"9":{"start":{"line":72,"column":12},"end":{"line":72,"column":2214}},"10":{"start":{"line":86,"column":4},"end":{"line":86,"column":13}},"11":{"start":{"line":88,"column":4},"end":{"line":88,"column":24}},"12":{"start":{"line":89,"column":4},"end":{"line":89,"column":17}},"13":{"start":{"line":90,"column":4},"end":{"line":90,"column":2634}},"14":{"start":{"line":98,"column":4},"end":{"line":98,"column":2806}},"15":{"start":{"line":103,"column":4},"end":{"line":103,"column":2924}},"16":{"start":{"line":109,"column":4},"end":{"line":109,"column":3075}},"17":{"start":{"line":116,"column":4},"end":{"line":116,"column":3192}},"18":{"start":{"line":120,"column":4},"end":{"line":120,"column":3290}},"19":{"start":{"line":121,"column":6},"end":{"line":121,"column":3338}},"20":{"start":{"line":129,"column":6},"end":{"line":129,"column":3537}},"21":{"start":{"line":136,"column":6},"end":{"line":136,"column":3666}},"22":{"start":{"line":142,"column":4},"end":{"line":142,"column":67}},"23":{"start":{"line":151,"column":4},"end":{"line":151,"column":13}},"24":{"start":{"line":153,"column":4},"end":{"line":153,"column":24}},"25":{"start":{"line":154,"column":4},"end":{"line":154,"column":17}},"26":{"start":{"line":155,"column":4},"end":{"line":155,"column":4121}},"27":{"start":{"line":163,"column":4},"end":{"line":163,"column":4297}},"28":{"start":{"line":168,"column":4},"end":{"line":168,"column":4408}},"29":{"start":{"line":174,"column":4},"end":{"line":174,"column":4559}},"30":{"start":{"line":181,"column":4},"end":{"line":181,"column":4676}},"31":{"start":{"line":185,"column":4},"end":{"line":185,"column":4774}},"32":{"start":{"line":186,"column":6},"end":{"line":186,"column":4822}},"33":{"start":{"line":194,"column":6},"end":{"line":194,"column":5049}},"34":{"start":{"line":201,"column":6},"end":{"line":201,"column":5181}},"35":{"start":{"line":207,"column":4},"end":{"line":207,"column":67}}},"branchMap":{"1":{"line":20,"type":"if","locations":[{"start":{"line":20,"column":8},"end":{"line":20,"column":8}},{"start":{"line":20,"column":8},"end":{"line":20,"column":8}}]},"2":{"line":24,"type":"if","locations":[{"start":{"line":24,"column":29},"end":{"line":24,"column":29}},{"start":{"line":24,"column":29},"end":{"line":24,"column":29}}]},"3":{"line":29,"type":"if","locations":[{"start":{"line":29,"column":31},"end":{"line":29,"column":31}},{"start":{"line":29,"column":31},"end":{"line":29,"column":31}}]},"4":{"line":33,"type":"if","locations":[{"start":{"line":33,"column":49},"end":{"line":33,"column":49}},{"start":{"line":33,"column":49},"end":{"line":33,"column":49}}]},"5":{"line":34,"type":"if","locations":[{"start":{"line":34,"column":6},"end":{"line":34,"column":6}},{"start":{"line":34,"column":6},"end":{"line":34,"column":6}}]},"6":{"line":45,"type":"if","locations":[{"start":{"line":45,"column":8},"end":{"line":45,"column":8}},{"start":{"line":45,"column":8},"end":{"line":45,"column":8}}]},"7":{"line":56,"type":"if","locations":[{"start":{"line":56,"column":21},"end":{"line":56,"column":21}},{"start":{"line":56,"column":21},"end":{"line":56,"column":21}}]},"8":{"line":56,"type":"if","locations":[{"start":{"line":56,"column":34},"end":{"line":56,"column":34}},{"start":{"line":56,"column":34},"end":{"line":56,"column":34}}]},"9":{"line":58,"type":"if","locations":[{"start":{"line":58,"column":4},"end":{"line":58,"column":4}},{"start":{"line":58,"column":4},"end":{"line":58,"column":4}}]},"10":{"line":69,"type":"if","locations":[{"start":{"line":69,"column":8},"end":{"line":69,"column":8}},{"start":{"line":69,"column":8},"end":{"line":69,"column":8}}]},"11":{"line":85,"type":"if","locations":[{"start":{"line":85,"column":21},"end":{"line":85,"column":21}},{"start":{"line":85,"column":21},"end":{"line":85,"column":21}}]},"12":{"line":90,"type":"if","locations":[{"start":{"line":90,"column":4},"end":{"line":90,"column":4}},{"start":{"line":90,"column":4},"end":{"line":90,"column":4}}]},"13":{"line":98,"type":"if","locations":[{"start":{"line":98,"column":4},"end":{"line":98,"column":4}},{"start":{"line":98,"column":4},"end":{"line":98,"column":4}}]},"14":{"line":103,"type":"if","locations":[{"start":{"line":103,"column":4},"end":{"line":103,"column":4}},{"start":{"line":103,"column":4},"end":{"line":103,"column":4}}]},"15":{"line":121,"type":"if","locations":[{"start":{"line":121,"column":6},"end":{"line":121,"column":6}},{"start":{"line":121,"column":6},"end":{"line":121,"column":6}}]},"16":{"line":142,"type":"if","locations":[{"start":{"line":142,"column":4},"end":{"line":142,"column":4}},{"start":{"line":142,"column":4},"end":{"line":142,"column":4}}]},"17":{"line":150,"type":"if","locations":[{"start":{"line":150,"column":21},"end":{"line":150,"column":21}},{"start":{"line":150,"column":21},"end":{"line":150,"column":21}}]},"18":{"line":155,"type":"if","locations":[{"start":{"line":155,"column":4},"end":{"line":155,"column":4}},{"start":{"line":155,"column":4},"end":{"line":155,"column":4}}]},"19":{"line":163,"type":"if","locations":[{"start":{"line":163,"column":4},"end":{"line":163,"column":4}},{"start":{"line":163,"column":4},"end":{"line":163,"column":4}}]},"20":{"line":168,"type":"if","locations":[{"start":{"line":168,"column":4},"end":{"line":168,"column":4}},{"start":{"line":168,"column":4},"end":{"line":168,"column":4}}]},"21":{"line":186,"type":"if","locations":[{"start":{"line":186,"column":6},"end":{"line":186,"column":6}},{"start":{"line":186,"column":6},"end":{"line":186,"column":6}}]},"22":{"line":207,"type":"if","locations":[{"start":{"line":207,"column":4},"end":{"line":207,"column":4}},{"start":{"line":207,"column":4},"end":{"line":207,"column":4}}]}}},"contracts/ERC20Test.sol":{"l":{"57":1,"58":1,"59":1,"66":0,"74":0,"91":0,"98":0,"111":16,"128":18,"129":18,"142":0,"158":11,"159":11,"180":10,"182":10,"183":10,"187":10,"191":10,"211":0,"216":0,"238":0,"239":0,"243":0,"247":0,"269":28,"270":28,"272":28,"274":28,"275":28,"279":28,"282":28,"284":28,"286":28,"299":1,"301":1,"303":1,"304":1,"305":1,"307":1,"322":0,"324":0,"326":0,"327":0,"328":0,"331":0,"333":0,"335":0,"356":21,"357":21,"359":21,"360":21},"path":"/Users/shreyasagarwal/Desktop/Excess/AirDropper/contracts/ERC20Test.sol","s":{"1":1,"2":0,"3":0,"4":0,"5":0,"6":16,"7":18,"8":18,"9":0,"10":11,"11":11,"12":10,"13":10,"14":10,"15":10,"16":0,"17":0,"18":0,"19":0,"20":0,"21":28,"22":28,"23":28,"24":28,"25":28,"26":28,"27":28,"28":1,"29":1,"30":1,"31":1,"32":0,"33":0,"34":0,"35":0,"36":0,"37":0,"38":21,"39":21,"40":21},"b":{"1":[10,0],"2":[0,0],"3":[28,0],"4":[28,0],"5":[28,0],"6":[1,0],"7":[0,0],"8":[0,0],"9":[21,0],"10":[21,0]},"f":{"1":1,"2":0,"3":0,"4":0,"5":0,"6":16,"7":18,"8":0,"9":11,"10":10,"11":0,"12":0,"13":28,"14":1,"15":0,"16":21,"17":29,"18":29},"fnMap":{"1":{"name":"constructor","line":52,"loc":{"start":{"line":52,"column":4},"end":{"line":60,"column":4}}},"2":{"name":"name","line":65,"loc":{"start":{"line":65,"column":4},"end":{"line":67,"column":4}}},"3":{"name":"symbol","line":73,"loc":{"start":{"line":73,"column":4},"end":{"line":75,"column":4}}},"4":{"name":"decimals","line":90,"loc":{"start":{"line":90,"column":4},"end":{"line":92,"column":4}}},"5":{"name":"totalSupply","line":97,"loc":{"start":{"line":97,"column":4},"end":{"line":99,"column":4}}},"6":{"name":"balanceOf","line":104,"loc":{"start":{"line":104,"column":4},"end":{"line":112,"column":4}}},"7":{"name":"transfer","line":122,"loc":{"start":{"line":122,"column":4},"end":{"line":130,"column":4}}},"8":{"name":"allowance","line":135,"loc":{"start":{"line":135,"column":4},"end":{"line":143,"column":4}}},"9":{"name":"approve","line":152,"loc":{"start":{"line":152,"column":4},"end":{"line":160,"column":4}}},"10":{"name":"transferFrom","line":175,"loc":{"start":{"line":175,"column":4},"end":{"line":192,"column":4}}},"11":{"name":"increaseAllowance","line":206,"loc":{"start":{"line":206,"column":4},"end":{"line":217,"column":4}}},"12":{"name":"decreaseAllowance","line":233,"loc":{"start":{"line":233,"column":4},"end":{"line":248,"column":4}}},"13":{"name":"_transfer","line":264,"loc":{"start":{"line":264,"column":4},"end":{"line":287,"column":4}}},"14":{"name":"_mint","line":298,"loc":{"start":{"line":298,"column":4},"end":{"line":308,"column":4}}},"15":{"name":"_burn","line":321,"loc":{"start":{"line":321,"column":4},"end":{"line":336,"column":4}}},"16":{"name":"_approve","line":351,"loc":{"start":{"line":351,"column":4},"end":{"line":361,"column":4}}},"17":{"name":"_beforeTokenTransfer","line":377,"loc":{"start":{"line":377,"column":4},"end":{"line":381,"column":24}}},"18":{"name":"_afterTokenTransfer","line":397,"loc":{"start":{"line":397,"column":4},"end":{"line":401,"column":24}}}},"statementMap":{"1":{"start":{"line":59,"column":8},"end":{"line":59,"column":33}},"2":{"start":{"line":66,"column":8},"end":{"line":66,"column":20}},"3":{"start":{"line":74,"column":8},"end":{"line":74,"column":22}},"4":{"start":{"line":91,"column":8},"end":{"line":91,"column":17}},"5":{"start":{"line":98,"column":8},"end":{"line":98,"column":27}},"6":{"start":{"line":111,"column":8},"end":{"line":111,"column":33}},"7":{"start":{"line":128,"column":8},"end":{"line":128,"column":49}},"8":{"start":{"line":129,"column":8},"end":{"line":129,"column":19}},"9":{"start":{"line":142,"column":8},"end":{"line":142,"column":42}},"10":{"start":{"line":158,"column":8},"end":{"line":158,"column":46}},"11":{"start":{"line":159,"column":8},"end":{"line":159,"column":19}},"12":{"start":{"line":180,"column":8},"end":{"line":180,"column":43}},"13":{"start":{"line":182,"column":8},"end":{"line":182,"column":68}},"14":{"start":{"line":183,"column":8},"end":{"line":183,"column":5480}},"15":{"start":{"line":191,"column":8},"end":{"line":191,"column":19}},"16":{"start":{"line":211,"column":8},"end":{"line":211,"column":6250}},"17":{"start":{"line":216,"column":8},"end":{"line":216,"column":19}},"18":{"start":{"line":238,"column":8},"end":{"line":238,"column":69}},"19":{"start":{"line":239,"column":8},"end":{"line":239,"column":7099}},"20":{"start":{"line":247,"column":8},"end":{"line":247,"column":19}},"21":{"start":{"line":269,"column":8},"end":{"line":269,"column":77}},"22":{"start":{"line":270,"column":8},"end":{"line":270,"column":78}},"23":{"start":{"line":272,"column":8},"end":{"line":272,"column":54}},"24":{"start":{"line":274,"column":8},"end":{"line":274,"column":49}},"25":{"start":{"line":275,"column":8},"end":{"line":275,"column":8230}},"26":{"start":{"line":284,"column":8},"end":{"line":284,"column":48}},"27":{"start":{"line":286,"column":8},"end":{"line":286,"column":53}},"28":{"start":{"line":299,"column":8},"end":{"line":299,"column":72}},"29":{"start":{"line":301,"column":8},"end":{"line":301,"column":56}},"30":{"start":{"line":305,"column":8},"end":{"line":305,"column":50}},"31":{"start":{"line":307,"column":8},"end":{"line":307,"column":55}},"32":{"start":{"line":322,"column":8},"end":{"line":322,"column":74}},"33":{"start":{"line":324,"column":8},"end":{"line":324,"column":56}},"34":{"start":{"line":326,"column":8},"end":{"line":326,"column":51}},"35":{"start":{"line":327,"column":8},"end":{"line":327,"column":78}},"36":{"start":{"line":333,"column":8},"end":{"line":333,"column":50}},"37":{"start":{"line":335,"column":8},"end":{"line":335,"column":55}},"38":{"start":{"line":356,"column":8},"end":{"line":356,"column":75}},"39":{"start":{"line":357,"column":8},"end":{"line":357,"column":75}},"40":{"start":{"line":360,"column":8},"end":{"line":360,"column":45}}},"branchMap":{"1":{"line":183,"type":"if","locations":[{"start":{"line":183,"column":8},"end":{"line":183,"column":8}},{"start":{"line":183,"column":8},"end":{"line":183,"column":8}}]},"2":{"line":239,"type":"if","locations":[{"start":{"line":239,"column":8},"end":{"line":239,"column":8}},{"start":{"line":239,"column":8},"end":{"line":239,"column":8}}]},"3":{"line":269,"type":"if","locations":[{"start":{"line":269,"column":8},"end":{"line":269,"column":8}},{"start":{"line":269,"column":8},"end":{"line":269,"column":8}}]},"4":{"line":270,"type":"if","locations":[{"start":{"line":270,"column":8},"end":{"line":270,"column":8}},{"start":{"line":270,"column":8},"end":{"line":270,"column":8}}]},"5":{"line":275,"type":"if","locations":[{"start":{"line":275,"column":8},"end":{"line":275,"column":8}},{"start":{"line":275,"column":8},"end":{"line":275,"column":8}}]},"6":{"line":299,"type":"if","locations":[{"start":{"line":299,"column":8},"end":{"line":299,"column":8}},{"start":{"line":299,"column":8},"end":{"line":299,"column":8}}]},"7":{"line":322,"type":"if","locations":[{"start":{"line":322,"column":8},"end":{"line":322,"column":8}},{"start":{"line":322,"column":8},"end":{"line":322,"column":8}}]},"8":{"line":327,"type":"if","locations":[{"start":{"line":327,"column":8},"end":{"line":327,"column":8}},{"start":{"line":327,"column":8},"end":{"line":327,"column":8}}]},"9":{"line":356,"type":"if","locations":[{"start":{"line":356,"column":8},"end":{"line":356,"column":8}},{"start":{"line":356,"column":8},"end":{"line":356,"column":8}}]},"10":{"line":357,"type":"if","locations":[{"start":{"line":357,"column":8},"end":{"line":357,"column":8}},{"start":{"line":357,"column":8},"end":{"line":357,"column":8}}]}}}}